<?xml version="1.0" encoding="UTF-8"?>
<testsuite name="io.github.abomination.UnitTest" tests="2" skipped="0" failures="0" errors="0" timestamp="2025-12-16T13:48:03.741Z" hostname="goblin" time="0.004">
  <properties/>
  <testcase name="takeDamageClampsAtZero()" classname="io.github.abomination.UnitTest" time="0.001"/>
  <testcase name="positionSettersAndGettersWork()" classname="io.github.abomination.UnitTest" time="0.001"/>
  <system-out><![CDATA[]]></system-out>
  <system-err><![CDATA[]]></system-err>
</testsuite>
